# JRE version: OpenJDK Runtime Environment (8.0_112-b06) (build 1.8.0_112-release-b06)
# Java VM: OpenJDK 64-Bit Server VM (25.112-b06 mixed mode windows-amd64 compressed oops)
Heap:
 PSYoungGen      total 100864K, used 14429K [0x00000000eab00000, 0x00000000f2400000, 0x0000000100000000)
  eden space 89600K, 3% used [0x00000000eab00000,0x00000000eae60030,0x00000000f0280000)
  from space 11264K, 97% used [0x00000000f1900000,0x00000000f23b7518,0x00000000f2400000)
  to   space 10240K, 0% used [0x00000000f0280000,0x00000000f0280000,0x00000000f0c80000)
 ParOldGen       total 69632K, used 45144K [0x00000000c0000000, 0x00000000c4400000, 0x00000000eab00000)
  object space 69632K, 64% used [0x00000000c0000000,0x00000000c2c161d8,0x00000000c4400000)
 Metaspace       used 58064K, capacity 60506K, committed 60672K, reserved 1101824K
  class space    used 7768K, capacity 8338K, committed 8448K, reserved 1048576K
GC Heap History (10 events):
Event: 112.147 GC heap before
{Heap before GC invocations=35 (full 2):
 PSYoungGen      total 80896K, used 79780K [0x00000000eab00000, 0x00000000f0000000, 0x0000000100000000)
  eden space 76800K, 100% used [0x00000000eab00000,0x00000000ef600000,0x00000000ef600000)
  from space 4096K, 72% used [0x00000000efa80000,0x00000000efd69128,0x00000000efe80000)
  to   space 4608K, 0% used [0x00000000ef600000,0x00000000ef600000,0x00000000efa80000)
 ParOldGen       total 34816K, used 24085K [0x00000000c0000000, 0x00000000c2200000, 0x00000000eab00000)
  object space 34816K, 69% used [0x00000000c0000000,0x00000000c1785518,0x00000000c2200000)
 Metaspace       used 47656K, capacity 49146K, committed 49280K, reserved 1091584K
  class space    used 6374K, capacity 6760K, committed 6784K, reserved 1048576K
Event: 112.163 GC heap after
Heap after GC invocations=35 (full 2):
 PSYoungGen      total 81408K, used 4576K [0x00000000eab00000, 0x00000000f1300000, 0x0000000100000000)
  eden space 76800K, 0% used [0x00000000eab00000,0x00000000eab00000,0x00000000ef600000)
  from space 4608K, 99% used [0x00000000ef600000,0x00000000efa78010,0x00000000efa80000)
  to   space 6656K, 0% used [0x00000000f0c80000,0x00000000f0c80000,0x00000000f1300000)
 ParOldGen       total 34816K, used 28388K [0x00000000c0000000, 0x00000000c2200000, 0x00000000eab00000)
  object space 34816K, 81% used [0x00000000c0000000,0x00000000c1bb9370,0x00000000c2200000)
 Metaspace       used 47656K, capacity 49146K, committed 49280K, reserved 1091584K
  class space    used 6374K, capacity 6760K, committed 6784K, reserved 1048576K
}
Event: 114.778 GC heap before
{Heap before GC invocations=36 (full 2):
 PSYoungGen      total 81408K, used 81376K [0x00000000eab00000, 0x00000000f1300000, 0x0000000100000000)
  eden space 76800K, 100% used [0x00000000eab00000,0x00000000ef600000,0x00000000ef600000)
  from space 4608K, 99% used [0x00000000ef600000,0x00000000efa78010,0x00000000efa80000)
  to   space 6656K, 0% used [0x00000000f0c80000,0x00000000f0c80000,0x00000000f1300000)
 ParOldGen       total 34816K, used 28388K [0x00000000c0000000, 0x00000000c2200000, 0x00000000eab00000)
  object space 34816K, 81% used [0x00000000c0000000,0x00000000c1bb9370,0x00000000c2200000)
 Metaspace       used 50286K, capacity 51930K, committed 52096K, reserved 1093632K
  class space    used 6787K, capacity 7200K, committed 7296K, reserved 1048576K
Event: 114.800 GC heap after
Heap after GC invocations=36 (full 2):
 PSYoungGen      total 96256K, used 6656K [0x00000000eab00000, 0x00000000f1a00000, 0x0000000100000000)
  eden space 89600K, 0% used [0x00000000eab00000,0x00000000eab00000,0x00000000f0280000)
  from space 6656K, 100% used [0x00000000f0c80000,0x00000000f1300000,0x00000000f1300000)
  to   space 10240K, 0% used [0x00000000f0280000,0x00000000f0280000,0x00000000f0c80000)
 ParOldGen       total 34816K, used 34799K [0x00000000c0000000, 0x00000000c2200000, 0x00000000eab00000)
  object space 34816K, 99% used [0x00000000c0000000,0x00000000c21fbd18,0x00000000c2200000)
 Metaspace       used 50286K, capacity 51930K, committed 52096K, reserved 1093632K
  class space    used 6787K, capacity 7200K, committed 7296K, reserved 1048576K
}
Event: 114.800 GC heap before
{Heap before GC invocations=37 (full 3):
 PSYoungGen      total 96256K, used 6656K [0x00000000eab00000, 0x00000000f1a00000, 0x0000000100000000)
  eden space 89600K, 0% used [0x00000000eab00000,0x00000000eab00000,0x00000000f0280000)
  from space 6656K, 100% used [0x00000000f0c80000,0x00000000f1300000,0x00000000f1300000)
  to   space 10240K, 0% used [0x00000000f0280000,0x00000000f0280000,0x00000000f0c80000)
 ParOldGen       total 34816K, used 34799K [0x00000000c0000000, 0x00000000c2200000, 0x00000000eab00000)
  object space 34816K, 99% used [0x00000000c0000000,0x00000000c21fbd18,0x00000000c2200000)
 Metaspace       used 50286K, capacity 51930K, committed 52096K, reserved 1093632K
  class space    used 6787K, capacity 7200K, committed 7296K, reserved 1048576K
Event: 115.210 GC heap after
Heap after GC invocations=37 (full 3):
 PSYoungGen      total 96256K, used 4598K [0x00000000eab00000, 0x00000000f1a00000, 0x0000000100000000)
  eden space 89600K, 0% used [0x00000000eab00000,0x00000000eab00000,0x00000000f0280000)
  from space 6656K, 69% used [0x00000000f0c80000,0x00000000f10fd870,0x00000000f1300000)
  to   space 10240K, 0% used [0x00000000f0280000,0x00000000f0280000,0x00000000f0c80000)
 ParOldGen       total 34816K, used 34620K [0x00000000c0000000, 0x00000000c2200000, 0x00000000eab00000)
  object space 34816K, 99% used [0x00000000c0000000,0x00000000c21cf248,0x00000000c2200000)
 Metaspace       used 50286K, capacity 51930K, committed 52096K, reserved 1093632K
  class space    used 6787K, capacity 7200K, committed 7296K, reserved 1048576K
}
Event: 162.163 GC heap before
{Heap before GC invocations=38 (full 4):
 PSYoungGen      total 96256K, used 94198K [0x00000000eab00000, 0x00000000f1a00000, 0x0000000100000000)
  eden space 89600K, 100% used [0x00000000eab00000,0x00000000f0280000,0x00000000f0280000)
  from space 6656K, 69% used [0x00000000f0c80000,0x00000000f10fd870,0x00000000f1300000)
  to   space 10240K, 0% used [0x00000000f0280000,0x00000000f0280000,0x00000000f0c80000)
 ParOldGen       total 34816K, used 34620K [0x00000000c0000000, 0x00000000c2200000, 0x00000000eab00000)
  object space 34816K, 99% used [0x00000000c0000000,0x00000000c21cf248,0x00000000c2200000)
 Metaspace       used 54413K, capacity 56794K, committed 57088K, reserved 1097728K
  class space    used 7362K, capacity 7882K, committed 7936K, reserved 1048576K
Event: 162.546 GC heap after
Heap after GC invocations=38 (full 4):
 PSYoungGen      total 96256K, used 7312K [0x00000000eab00000, 0x00000000f1a00000, 0x0000000100000000)
  eden space 89600K, 8% used [0x00000000eab00000,0x00000000eb224068,0x00000000f0280000)
  from space 6656K, 0% used [0x00000000f0c80000,0x00000000f0c80000,0x00000000f1300000)
  to   space 10240K, 0% used [0x00000000f0280000,0x00000000f0280000,0x00000000f0c80000)
 ParOldGen       total 69632K, used 34802K [0x00000000c0000000, 0x00000000c4400000, 0x00000000eab00000)
  object space 69632K, 49% used [0x00000000c0000000,0x00000000c21fc9a0,0x00000000c4400000)
 Metaspace       used 54413K, capacity 56794K, committed 57088K, reserved 1097728K
  class space    used 7362K, capacity 7882K, committed 7936K, reserved 1048576K
}
Event: 192.460 GC heap before
{Heap before GC invocations=39 (full 4):
 PSYoungGen      total 96256K, used 89600K [0x00000000eab00000, 0x00000000f1a00000, 0x0000000100000000)
  eden space 89600K, 100% used [0x00000000eab00000,0x00000000f0280000,0x00000000f0280000)
  from space 6656K, 0% used [0x00000000f0c80000,0x00000000f0c80000,0x00000000f1300000)
  to   space 10240K, 0% used [0x00000000f0280000,0x00000000f0280000,0x00000000f0c80000)
 ParOldGen       total 69632K, used 34802K [0x00000000c0000000, 0x00000000c4400000, 0x00000000eab00000)
  object space 69632K, 49% used [0x00000000c0000000,0x00000000c21fc9a0,0x00000000c4400000)
 Metaspace       used 57407K, capacity 59922K, committed 60032K, reserved 1101824K
  class space    used 7714K, capacity 8272K, committed 8320K, reserved 1048576K
Event: 192.495 GC heap after
Heap after GC invocations=39 (full 4):
 PSYoungGen      total 99840K, used 8385K [0x00000000eab00000, 0x00000000f2400000, 0x0000000100000000)
  eden space 89600K, 0% used [0x00000000eab00000,0x00000000eab00000,0x00000000f0280000)
  from space 10240K, 81% used [0x00000000f0280000,0x00000000f0ab05d8,0x00000000f0c80000)
  to   space 11264K, 0% used [0x00000000f1900000,0x00000000f1900000,0x00000000f2400000)
 ParOldGen       total 69632K, used 38460K [0x00000000c0000000, 0x00000000c4400000, 0x00000000eab00000)
  object space 69632K, 55% used [0x00000000c0000000,0x00000000c258f1d0,0x00000000c4400000)
 Metaspace       used 57407K, capacity 59922K, committed 60032K, reserved 1101824K
  class space    used 7714K, capacity 8272K, committed 8320K, reserved 1048576K
}

